<?xml version="1.0" encoding="UTF-8"?>
<!-- Generated by org.testng.reporters.JUnitXMLReporter -->
<testsuite ignored="0" hostname="DESKTOP-EVHE3NO" failures="0" tests="2" name="Automation suite for edge" time="0.686" errors="0" timestamp="2025-09-02T19:53:15 IST">
  <testcase classname="testcases.TC_05_mycartPSIMadded" name="TC_05_mycartPSIMaddedex" time="0.0">
    <skipped/>
  </testcase> <!-- TC_05_mycartPSIMaddedex -->
  <testcase classname="testcases.TC_06_createAccountPage" name="TC_06_createAccount" time="0.0">
    <skipped/>
  </testcase> <!-- TC_06_createAccount -->
</testsuite> <!-- Automation suite for edge -->
