<?xml version="1.0" encoding="UTF-8"?>
<!-- Generated by org.testng.reporters.JUnitXMLReporter -->
<testsuite ignored="0" hostname="DESKTOP-EVHE3NO" failures="0" tests="2" name="Automation suite for firefox" time="37.717" errors="0" timestamp="2025-09-02T19:53:14 IST">
  <testcase classname="testcases.TC_03_bringYourPhone" name="TC_03_bringurphone" time="17.222"/>
  <testcase classname="testcases.TC_04_selectSIMobject" name="TC_04_selet_SIM" time="27.502"/>
</testsuite> <!-- Automation suite for firefox -->
