<?xml version="1.0" encoding="UTF-8"?>
<testng-results ignored="0" total="6" passed="5" failed="1" skipped="0">
  <reporter-output>
  </reporter-output>
  <suite started-at="2025-09-16T17:02:27 IST" name="All Test Suite" finished-at="2025-09-16T17:03:53 IST" duration-ms="86147">
    <groups>
      <group name="regression">
        <method signature="TC_01_shopPlanLink.TC_01_selectplnbutton()[pri:0, instance:testcases.TC_01_shopPlanLink@28f2a10f]" name="TC_01_selectplnbutton" class="testcases.TC_01_shopPlanLink"/>
        <method signature="TC_02_selectaPlan.TC_02_selectplan()[pri:0, instance:testcases.TC_02_selectaPlan@f736069]" name="TC_02_selectplan" class="testcases.TC_02_selectaPlan"/>
        <method signature="TC_03_bringYourPhone.TC_03_bringurphone()[pri:0, instance:testcases.TC_03_bringYourPhone@6da21078]" name="TC_03_bringurphone" class="testcases.TC_03_bringYourPhone"/>
        <method signature="TC_04_selectSIMobject.TC_04_selet_SIM()[pri:0, instance:testcases.TC_04_selectSIMobject@7fee8714]" name="TC_04_selet_SIM" class="testcases.TC_04_selectSIMobject"/>
        <method signature="TC_05_mycartPSIMadded.TC_05_mycartPSIMaddedex()[pri:0, instance:testcases.TC_05_mycartPSIMadded@4229bb3f]" name="TC_05_mycartPSIMaddedex" class="testcases.TC_05_mycartPSIMadded"/>
        <method signature="TC_06_createAccountPage.TC_06_createAccount()[pri:0, instance:testcases.TC_06_createAccountPage@56cdfb3b]" name="TC_06_createAccount" class="testcases.TC_06_createAccountPage"/>
      </group> <!-- regression -->
    </groups>
    <test started-at="2025-09-16T17:02:27 IST" name="Grouping suite" finished-at="2025-09-16T17:03:53 IST" duration-ms="86147">
      <class name="testcases.TC_06_createAccountPage">
        <test-method is-config="true" signature="launchBrowser(java.lang.String)[pri:0, instance:testcases.TC_06_createAccountPage@56cdfb3b]" started-at="2025-09-16T17:02:27 IST" name="launchBrowser" finished-at="2025-09-16T17:03:09 IST" duration-ms="41701" status="PASS">
          <params>
            <param index="0">
              <value>
                <![CDATA[chrome]]>
              </value>
            </param>
          </params>
          <reporter-output>
          </reporter-output>
        </test-method> <!-- launchBrowser -->
        <test-method signature="TC_06_createAccount()[pri:0, instance:testcases.TC_06_createAccountPage@56cdfb3b]" started-at="2025-09-16T17:03:09 IST" name="TC_06_createAccount" finished-at="2025-09-16T17:03:17 IST" duration-ms="8096" status="FAIL">
          <exception class="org.openqa.selenium.StaleElementReferenceException">
            <message>
              <![CDATA[stale element reference: stale element not found
  (Session info: chrome=140.0.7339.128)
For documentation on this error, please visit: https://www.selenium.dev/documentation/webdriver/troubleshooting/errors#stale-element-reference-exception
Build info: version: '4.28.1', revision: '73f5ad48a2'
System info: os.name: 'Windows 11', os.arch: 'amd64', os.version: '10.0', java.version: '11.0.23'
Driver info: org.openqa.selenium.chrome.ChromeDriver
Command: [f31ba555fbf86eb143eb096eb5ac1c86, clickElement {id=f.7CB4E95162AB4E004532063717907B54.d.A49FBF9481C1C50901B24EA405AEB054.e.3}]
Capabilities {acceptInsecureCerts: false, browserName: chrome, browserVersion: 140.0.7339.128, chrome: {chromedriverVersion: 140.0.7339.82 (bc93617e21c3..., userDataDir: C:\Users\Admin\AppData\Loca...}, fedcm:accounts: true, goog:chromeOptions: {debuggerAddress: localhost:58025}, networkConnectionEnabled: false, pageLoadStrategy: normal, platformName: windows, proxy: Proxy(), se:cdp: ws://localhost:58025/devtoo..., se:cdpVersion: 140.0.7339.128, setWindowRect: true, strictFileInteractability: false, timeouts: {implicit: 0, pageLoad: 300000, script: 30000}, unhandledPromptBehavior: dismiss and notify, webauthn:extension:credBlob: true, webauthn:extension:largeBlob: true, webauthn:extension:minPinLength: true, webauthn:extension:prf: true, webauthn:virtualAuthenticators: true}
Element: [[ChromeDriver: chrome on windows (f31ba555fbf86eb143eb096eb5ac1c86)] -> xpath: //a[text()='Shop plans']]
Session ID: f31ba555fbf86eb143eb096eb5ac1c86]]>
            </message>
            <full-stacktrace>
              <![CDATA[org.openqa.selenium.StaleElementReferenceException: stale element reference: stale element not found
  (Session info: chrome=140.0.7339.128)
For documentation on this error, please visit: https://www.selenium.dev/documentation/webdriver/troubleshooting/errors#stale-element-reference-exception
Build info: version: '4.28.1', revision: '73f5ad48a2'
System info: os.name: 'Windows 11', os.arch: 'amd64', os.version: '10.0', java.version: '11.0.23'
Driver info: org.openqa.selenium.chrome.ChromeDriver
Command: [f31ba555fbf86eb143eb096eb5ac1c86, clickElement {id=f.7CB4E95162AB4E004532063717907B54.d.A49FBF9481C1C50901B24EA405AEB054.e.3}]
Capabilities {acceptInsecureCerts: false, browserName: chrome, browserVersion: 140.0.7339.128, chrome: {chromedriverVersion: 140.0.7339.82 (bc93617e21c3..., userDataDir: C:\Users\Admin\AppData\Loca...}, fedcm:accounts: true, goog:chromeOptions: {debuggerAddress: localhost:58025}, networkConnectionEnabled: false, pageLoadStrategy: normal, platformName: windows, proxy: Proxy(), se:cdp: ws://localhost:58025/devtoo..., se:cdpVersion: 140.0.7339.128, setWindowRect: true, strictFileInteractability: false, timeouts: {implicit: 0, pageLoad: 300000, script: 30000}, unhandledPromptBehavior: dismiss and notify, webauthn:extension:credBlob: true, webauthn:extension:largeBlob: true, webauthn:extension:minPinLength: true, webauthn:extension:prf: true, webauthn:virtualAuthenticators: true}
Element: [[ChromeDriver: chrome on windows (f31ba555fbf86eb143eb096eb5ac1c86)] -> xpath: //a[text()='Shop plans']]
Session ID: f31ba555fbf86eb143eb096eb5ac1c86
at java.base/jdk.internal.reflect.NativeConstructorAccessorImpl.newInstance0(Native Method)
at java.base/jdk.internal.reflect.NativeConstructorAccessorImpl.newInstance(NativeConstructorAccessorImpl.java:62)
at java.base/jdk.internal.reflect.DelegatingConstructorAccessorImpl.newInstance(DelegatingConstructorAccessorImpl.java:45)
at java.base/java.lang.reflect.Constructor.newInstance(Constructor.java:490)
at org.openqa.selenium.remote.ErrorCodec.decode(ErrorCodec.java:167)
at org.openqa.selenium.remote.codec.w3c.W3CHttpResponseCodec.decode(W3CHttpResponseCodec.java:138)
at org.openqa.selenium.remote.codec.w3c.W3CHttpResponseCodec.decode(W3CHttpResponseCodec.java:50)
at org.openqa.selenium.remote.HttpCommandExecutor.execute(HttpCommandExecutor.java:215)
at org.openqa.selenium.remote.service.DriverCommandExecutor.invokeExecute(DriverCommandExecutor.java:216)
at org.openqa.selenium.remote.service.DriverCommandExecutor.execute(DriverCommandExecutor.java:174)
at org.openqa.selenium.remote.RemoteWebDriver.execute(RemoteWebDriver.java:545)
at org.openqa.selenium.remote.RemoteWebElement.execute(RemoteWebElement.java:223)
at org.openqa.selenium.remote.RemoteWebElement.click(RemoteWebElement.java:76)
at java.base/jdk.internal.reflect.NativeMethodAccessorImpl.invoke0(Native Method)
at java.base/jdk.internal.reflect.NativeMethodAccessorImpl.invoke(NativeMethodAccessorImpl.java:62)
at java.base/jdk.internal.reflect.DelegatingMethodAccessorImpl.invoke(DelegatingMethodAccessorImpl.java:43)
at java.base/java.lang.reflect.Method.invoke(Method.java:566)
at org.openqa.selenium.support.pagefactory.internal.LocatingElementHandler.invoke(LocatingElementHandler.java:51)
at com.sun.proxy.$Proxy12.click(Unknown Source)
at pageobjects.shopplanobject.click_shopplanlink(shopplanobject.java:18)
at testcases.TC_06_createAccountPage.TC_06_createAccount(TC_06_createAccountPage.java:15)
at java.base/jdk.internal.reflect.NativeMethodAccessorImpl.invoke0(Native Method)
at java.base/jdk.internal.reflect.NativeMethodAccessorImpl.invoke(NativeMethodAccessorImpl.java:62)
at java.base/jdk.internal.reflect.DelegatingMethodAccessorImpl.invoke(DelegatingMethodAccessorImpl.java:43)
at java.base/java.lang.reflect.Method.invoke(Method.java:566)
at org.testng.internal.invokers.MethodInvocationHelper.invokeMethod(MethodInvocationHelper.java:141)
at org.testng.internal.invokers.TestInvoker.invokeMethod(TestInvoker.java:686)
at org.testng.internal.invokers.TestInvoker.invokeTestMethod(TestInvoker.java:230)
at org.testng.internal.invokers.MethodRunner.runInSequence(MethodRunner.java:63)
at org.testng.internal.invokers.TestInvoker$MethodInvocationAgent.invoke(TestInvoker.java:992)
at org.testng.internal.invokers.TestInvoker.invokeTestMethods(TestInvoker.java:203)
at org.testng.internal.invokers.TestMethodWorker.invokeTestMethods(TestMethodWorker.java:154)
at org.testng.internal.invokers.TestMethodWorker.run(TestMethodWorker.java:134)
at java.base/java.util.concurrent.Executors$RunnableAdapter.call(Executors.java:515)
at java.base/java.util.concurrent.FutureTask.run(FutureTask.java:264)
at org.testng.internal.thread.graph.TestNGFutureTask.run(TestNGFutureTask.java:22)
at java.base/java.util.concurrent.ThreadPoolExecutor.runWorker(ThreadPoolExecutor.java:1128)
at java.base/java.util.concurrent.ThreadPoolExecutor$Worker.run(ThreadPoolExecutor.java:628)
at java.base/java.lang.Thread.run(Thread.java:829)
]]>
            </full-stacktrace>
          </exception> <!-- org.openqa.selenium.StaleElementReferenceException -->
          <reporter-output>
          </reporter-output>
        </test-method> <!-- TC_06_createAccount -->
        <test-method is-config="true" signature="tearDown()[pri:0, instance:testcases.TC_06_createAccountPage@56cdfb3b]" started-at="2025-09-16T17:03:17 IST" name="tearDown" finished-at="2025-09-16T17:03:44 IST" duration-ms="27602" status="PASS">
          <reporter-output>
          </reporter-output>
        </test-method> <!-- tearDown -->
      </class> <!-- testcases.TC_06_createAccountPage -->
      <class name="testcases.TC_05_mycartPSIMadded">
        <test-method is-config="true" signature="launchBrowser(java.lang.String)[pri:0, instance:testcases.TC_05_mycartPSIMadded@4229bb3f]" started-at="2025-09-16T17:02:27 IST" name="launchBrowser" finished-at="2025-09-16T17:02:36 IST" duration-ms="8903" status="PASS">
          <params>
            <param index="0">
              <value>
                <![CDATA[chrome]]>
              </value>
            </param>
          </params>
          <reporter-output>
          </reporter-output>
        </test-method> <!-- launchBrowser -->
        <test-method signature="TC_05_mycartPSIMaddedex()[pri:0, instance:testcases.TC_05_mycartPSIMadded@4229bb3f]" started-at="2025-09-16T17:02:36 IST" name="TC_05_mycartPSIMaddedex" finished-at="2025-09-16T17:03:53 IST" duration-ms="76832" status="PASS">
          <reporter-output>
          </reporter-output>
        </test-method> <!-- TC_05_mycartPSIMaddedex -->
        <test-method is-config="true" signature="tearDown()[pri:0, instance:testcases.TC_05_mycartPSIMadded@4229bb3f]" started-at="2025-09-16T17:03:53 IST" name="tearDown" finished-at="2025-09-16T17:03:53 IST" duration-ms="319" status="PASS">
          <reporter-output>
          </reporter-output>
        </test-method> <!-- tearDown -->
      </class> <!-- testcases.TC_05_mycartPSIMadded -->
      <class name="testcases.TC_04_selectSIMobject">
        <test-method is-config="true" signature="launchBrowser(java.lang.String)[pri:0, instance:testcases.TC_04_selectSIMobject@7fee8714]" started-at="2025-09-16T17:02:27 IST" name="launchBrowser" finished-at="2025-09-16T17:02:35 IST" duration-ms="8440" status="PASS">
          <params>
            <param index="0">
              <value>
                <![CDATA[chrome]]>
              </value>
            </param>
          </params>
          <reporter-output>
          </reporter-output>
        </test-method> <!-- launchBrowser -->
        <test-method signature="TC_04_selet_SIM()[pri:0, instance:testcases.TC_04_selectSIMobject@7fee8714]" started-at="2025-09-16T17:02:37 IST" name="TC_04_selet_SIM" finished-at="2025-09-16T17:03:40 IST" duration-ms="62807" status="PASS">
          <reporter-output>
          </reporter-output>
        </test-method> <!-- TC_04_selet_SIM -->
        <test-method is-config="true" signature="tearDown()[pri:0, instance:testcases.TC_04_selectSIMobject@7fee8714]" started-at="2025-09-16T17:03:40 IST" name="tearDown" finished-at="2025-09-16T17:03:45 IST" duration-ms="4254" status="PASS">
          <reporter-output>
          </reporter-output>
        </test-method> <!-- tearDown -->
      </class> <!-- testcases.TC_04_selectSIMobject -->
      <class name="testcases.TC_02_selectaPlan">
        <test-method is-config="true" signature="launchBrowser(java.lang.String)[pri:0, instance:testcases.TC_02_selectaPlan@f736069]" started-at="2025-09-16T17:02:27 IST" name="launchBrowser" finished-at="2025-09-16T17:02:36 IST" duration-ms="8823" status="PASS">
          <params>
            <param index="0">
              <value>
                <![CDATA[chrome]]>
              </value>
            </param>
          </params>
          <reporter-output>
          </reporter-output>
        </test-method> <!-- launchBrowser -->
        <test-method signature="TC_02_selectplan()[pri:0, instance:testcases.TC_02_selectaPlan@f736069]" started-at="2025-09-16T17:02:36 IST" name="TC_02_selectplan" finished-at="2025-09-16T17:03:16 IST" duration-ms="40547" status="PASS">
          <reporter-output>
          </reporter-output>
        </test-method> <!-- TC_02_selectplan -->
        <test-method is-config="true" signature="tearDown()[pri:0, instance:testcases.TC_02_selectaPlan@f736069]" started-at="2025-09-16T17:03:16 IST" name="tearDown" finished-at="2025-09-16T17:03:44 IST" duration-ms="28059" status="PASS">
          <reporter-output>
          </reporter-output>
        </test-method> <!-- tearDown -->
      </class> <!-- testcases.TC_02_selectaPlan -->
      <class name="testcases.TC_03_bringYourPhone">
        <test-method is-config="true" signature="launchBrowser(java.lang.String)[pri:0, instance:testcases.TC_03_bringYourPhone@6da21078]" started-at="2025-09-16T17:02:27 IST" name="launchBrowser" finished-at="2025-09-16T17:02:59 IST" duration-ms="31622" status="PASS">
          <params>
            <param index="0">
              <value>
                <![CDATA[chrome]]>
              </value>
            </param>
          </params>
          <reporter-output>
          </reporter-output>
        </test-method> <!-- launchBrowser -->
        <test-method signature="TC_03_bringurphone()[pri:0, instance:testcases.TC_03_bringYourPhone@6da21078]" started-at="2025-09-16T17:02:59 IST" name="TC_03_bringurphone" finished-at="2025-09-16T17:03:33 IST" duration-ms="34810" status="PASS">
          <reporter-output>
          </reporter-output>
        </test-method> <!-- TC_03_bringurphone -->
        <test-method is-config="true" signature="tearDown()[pri:0, instance:testcases.TC_03_bringYourPhone@6da21078]" started-at="2025-09-16T17:03:33 IST" name="tearDown" finished-at="2025-09-16T17:03:44 IST" duration-ms="11079" status="PASS">
          <reporter-output>
          </reporter-output>
        </test-method> <!-- tearDown -->
      </class> <!-- testcases.TC_03_bringYourPhone -->
      <class name="testcases.TC_01_shopPlanLink">
        <test-method is-config="true" signature="launchBrowser(java.lang.String)[pri:0, instance:testcases.TC_01_shopPlanLink@28f2a10f]" started-at="2025-09-16T17:02:27 IST" name="launchBrowser" finished-at="2025-09-16T17:02:35 IST" duration-ms="7887" status="PASS">
          <params>
            <param index="0">
              <value>
                <![CDATA[chrome]]>
              </value>
            </param>
          </params>
          <reporter-output>
          </reporter-output>
        </test-method> <!-- launchBrowser -->
        <test-method signature="TC_01_selectplnbutton()[pri:0, instance:testcases.TC_01_shopPlanLink@28f2a10f]" started-at="2025-09-16T17:02:36 IST" name="TC_01_selectplnbutton" finished-at="2025-09-16T17:03:01 IST" duration-ms="24794" status="PASS">
          <reporter-output>
          </reporter-output>
        </test-method> <!-- TC_01_selectplnbutton -->
        <test-method is-config="true" signature="tearDown()[pri:0, instance:testcases.TC_01_shopPlanLink@28f2a10f]" started-at="2025-09-16T17:03:01 IST" name="tearDown" finished-at="2025-09-16T17:03:32 IST" duration-ms="31836" status="PASS">
          <reporter-output>
          </reporter-output>
        </test-method> <!-- tearDown -->
      </class> <!-- testcases.TC_01_shopPlanLink -->
    </test> <!-- Grouping suite -->
  </suite> <!-- All Test Suite -->
</testng-results>
